dynamicfeature/build/intermediates/manifest_merge_blame_file/debug/manifest-merger-blame-debug-report.txt
1<?xml version="1.0" encoding="utf-8"?>
2<manifest xmlns:android="http://schemas.android.com/apk/res/android"
3    xmlns:dist="http://schemas.android.com/apk/distribution"
4    featureSplit="dynamicfeature"
5    package="com.sobarna.wecandoit"
6    android:versionCode="1"
7    android:versionName="1.0" >
8
9    <uses-sdk
10        android:minSdkVersion="21"
10-->src\main\AndroidManifest.xml
11        android:targetSdkVersion="30" />
11-->src\main\AndroidManifest.xml
12
13    <dist:module
13-->src\main\AndroidManifest.xml:7:5-15:19
14        dist:instant="false"
14-->src\main\AndroidManifest.xml:8:9-29
15        dist:title="@string/title_dynamicfeature" >
15-->src\main\AndroidManifest.xml:9:9-50
16        <dist:delivery>
16-->src\main\AndroidManifest.xml:10:9-12:25
17            <dist:install-time />
17-->src\main\AndroidManifest.xml:11:13-34
18        </dist:delivery>
19
20        <dist:fusing dist:include="true" />
20-->src\main\AndroidManifest.xml:14:9-44
20-->src\main\AndroidManifest.xml:14:22-41
21    </dist:module>
22
23    <application android:debuggable="true" >
23-->src\main\AndroidManifest.xml:17:5-26:19
24        <activity
24-->src\main\AndroidManifest.xml:18:9-25:20
25            android:name="com.sobarna.wecandoit.dynamicfeature.DynamicFeatureActivity"
25-->src\main\AndroidManifest.xml:18:19-57
26            android:splitName="dynamicfeature" >
27            <intent-filter>
27-->src\main\AndroidManifest.xml:19:13-24:29
28                <action android:name="android.intent.action.VIEW" />
28-->src\main\AndroidManifest.xml:20:17-68
28-->src\main\AndroidManifest.xml:20:25-66
29
30                <category android:name="android.intent.category.DEFAULT" />
30-->src\main\AndroidManifest.xml:21:17-75
30-->src\main\AndroidManifest.xml:21:27-73
31
32                <data
32-->src\main\AndroidManifest.xml:22:17-23:45
33                    android:host="dynamic"
33-->src\main\AndroidManifest.xml:23:21-43
34                    android:scheme="wecandoit" />
34-->src\main\AndroidManifest.xml:22:23-49
35            </intent-filter>
36        </activity>
37    </application>
38
39</manifest>